SF:lib/src/models/request_exception.dart
DA:10,2
DA:16,3
DA:20,6
DA:22,6
DA:23,3
DA:24,3
DA:25,9
DA:28,3
DA:29,6
DA:31,1
DA:32,1
DA:33,1
DA:34,1
DA:35,1
LF:14
LH:14
end_of_record
SF:lib/src/models/google_search_model.dart
DA:15,2
DA:21,2
DA:22,4
DA:23,4
DA:24,2
DA:25,6
DA:26,2
DA:28,2
DA:29,1
DA:30,1
DA:31,4
DA:34,1
DA:35,1
DA:36,1
DA:37,1
DA:38,1
LF:16
LH:16
end_of_record
SF:lib/src/models/google_book_model.dart
DA:20,3
DA:28,3
DA:29,3
DA:30,6
DA:31,6
DA:32,3
DA:33,6
DA:34,5
DA:35,3
DA:37,3
DA:41,12
DA:43,6
DA:47,4
DA:48,2
DA:49,2
DA:50,2
DA:51,2
DA:52,2
DA:55,2
DA:56,2
DA:57,2
DA:58,2
DA:59,2
DA:60,2
DA:61,2
LF:25
LH:25
end_of_record
SF:lib/src/clients/dio/dio_client.dart
DA:33,0
DA:47,0
DA:48,0
DA:50,0
DA:51,0
DA:52,0
DA:53,0
DA:54,0
DA:55,0
DA:60,0
DA:63,0
DA:65,0
DA:68,0
DA:70,0
DA:71,0
DA:74,0
DA:81,0
DA:83,0
DA:84,0
DA:86,0
DA:87,0
DA:90,0
DA:92,0
DA:94,0
DA:97,0
DA:105,0
DA:106,0
DA:107,0
DA:109,0
DA:110,0
DA:112,0
DA:114,0
DA:116,0
DA:118,0
DA:121,0
DA:129,0
DA:130,0
DA:131,0
DA:133,0
DA:134,0
DA:136,0
DA:138,0
DA:140,0
DA:142,0
DA:145,0
DA:153,0
DA:154,0
DA:155,0
DA:157,0
DA:158,0
DA:160,0
DA:162,0
DA:164,0
DA:166,0
DA:169,0
DA:177,0
DA:178,0
DA:179,0
DA:181,0
DA:182,0
DA:184,0
DA:186,0
DA:188,0
DA:190,0
DA:193,0
DA:201,0
DA:203,0
DA:204,0
DA:206,0
DA:207,0
DA:211,0
DA:217,0
DA:219,0
DA:222,0
DA:223,0
DA:225,0
DA:226,0
DA:233,0
DA:234,0
DA:235,0
DA:237,0
DA:238,0
DA:239,0
DA:240,0
DA:241,0
DA:246,0
DA:250,0
DA:251,0
DA:252,0
DA:254,0
DA:255,0
DA:258,0
DA:259,0
DA:260,0
DA:266,0
DA:267,0
DA:269,0
DA:270,0
DA:271,0
DA:273,0
DA:276,0
DA:278,0
DA:279,0
DA:280,0
DA:283,0
DA:284,0
DA:287,0
DA:288,0
DA:290,0
DA:292,0
LF:110
LH:0
end_of_record
SF:lib/src/clients/dio/dio_client_interceptor.dart
DA:10,0
DA:12,0
DA:14,0
DA:15,0
DA:16,0
DA:19,0
DA:22,0
DA:24,0
DA:25,0
DA:27,0
DA:30,0
DA:33,0
DA:35,0
DA:36,0
DA:39,0
LF:15
LH:0
end_of_record
SF:lib/src/environments.dart
DA:11,5
DA:18,0
DA:19,0
DA:20,0
DA:21,0
DA:22,0
LF:6
LH:1
end_of_record
SF:lib/src/helpers/dio_error_extensions.dart
DA:8,2
DA:9,2
DA:10,2
DA:13,2
DA:14,4
DA:15,4
DA:18,2
DA:21,2
DA:24,2
DA:26,2
LF:10
LH:10
end_of_record
SF:lib/src/helpers/request_log_event_helper.dart
DA:6,1
DA:7,1
DA:8,3
DA:9,1
DA:10,1
DA:11,1
DA:12,1
DA:13,1
DA:20,1
DA:24,1
DA:25,5
DA:26,2
DA:27,2
DA:28,2
DA:29,2
DA:30,2
DA:32,2
DA:33,1
DA:37,2
DA:38,5
DA:39,2
DA:40,2
DA:41,2
DA:42,2
DA:43,2
DA:44,1
DA:45,1
LF:27
LH:27
end_of_record
SF:lib/src/hosts.dart
DA:7,0
DA:9,0
DA:11,0
LF:3
LH:0
end_of_record
SF:lib/src/services/google_service/google_service.dart
DA:10,1
DA:12,1
DA:13,2
DA:15,1
DA:19,1
LF:5
LH:5
end_of_record
SF:lib/src/services/google_service/requests/google_search_request.dart
DA:16,2
DA:24,2
DA:25,2
DA:26,4
DA:27,4
DA:28,4
DA:29,4
DA:30,4
DA:32,4
DA:36,1
DA:37,1
DA:38,1
DA:39,1
DA:40,1
DA:41,1
DA:42,1
LF:16
LH:16
end_of_record
